
> getphone-scaffold@0.1.0 dev
> next dev

▲ Next.js 16.2.4 (Turbopack)
- Local:         http://localhost:3000
- Network:       http://192.168.0.30:3000
✓ Ready in 956ms
Creating turbopack project {
  dir: 'C:\\Users\\User\\Desktop\\My Projects\\getphone-website',
  testMode: true
}

[browser] ⨯ unhandledRejection: ChunkLoadError: Failed to load chunk /_next/static/chunks/%5Bturbopack%5D_browser_dev_hmr-client_hmr-client_ts_0yjw1oe._.js from module [turbopack]/browser/dev/hmr-client/hmr-client.ts [app-client] (ecmascript, async loader)
 GET /how-it-works/ 200 in 2.9s (next.js: 1439ms, application-code: 1488ms)
 GET /how-it-works/ 200 in 154ms (next.js: 6ms, application-code: 148ms)
 GET /about/ 200 in 435ms (next.js: 43ms, application-code: 392ms)
 GET /phones/ 200 in 447ms (next.js: 152ms, application-code: 295ms)
 GET /phones/zte-blade-a36/ 200 in 738ms (next.js: 538ms, generate-params: 455ms, application-code: 200ms)
 GET / 200 in 1413ms (next.js: 160ms, application-code: 1253ms)
 GET /phones/zte-blade-a36/ 200 in 447ms (next.js: 45ms, generate-params: 33ms, application-code: 402ms)
 GET /how-it-works/ 200 in 210ms (next.js: 14ms, application-code: 196ms)
[browser] Detected `scroll-behavior: smooth` on the `<html>` element. To disable smooth scrolling during route transitions, add `data-scroll-behavior="smooth"` to your <html> element. Learn more: https://nextjs.org/docs/messages/missing-data-scroll-behavior (file://C:/Users/User/Desktop/My Projects/getphone-website/.next/dev/static/chunks/node_modules_next_dist_115brz8._.js:2431:13)
 GET /about/ 200 in 151ms (next.js: 16ms, application-code: 135ms)
[browser] Detected `scroll-behavior: smooth` on the `<html>` element. To disable smooth scrolling during route transitions, add `data-scroll-behavior="smooth"` to your <html> element. Learn more: https://nextjs.org/docs/messages/missing-data-scroll-behavior (file://C:/Users/User/Desktop/My Projects/getphone-website/.next/dev/static/chunks/node_modules_next_dist_115brz8._.js:2431:13)
 GET /phones/ 200 in 176ms (next.js: 12ms, application-code: 164ms)
 GET /phones/zte-blade-a76/ 200 in 237ms (next.js: 28ms, generate-params: 18ms, application-code: 209ms)
 GET /how-it-works/ 200 in 215ms (next.js: 8ms, application-code: 207ms)
 GET /phones/ 200 in 983ms (next.js: 21ms, application-code: 962ms)
 GET /privacy/ 200 in 1703ms (next.js: 403ms, application-code: 1300ms)
 GET /phones/ 200 in 1345ms (next.js: 136ms, application-code: 1210ms)
 GET /privacy/ 200 in 2.7s (next.js: 353ms, application-code: 2.3s)
 GET / 200 in 834ms (next.js: 46ms, application-code: 788ms)
 GET /partners/ 200 in 657ms (next.js: 314ms, application-code: 343ms)
✓ Compiled in 981ms
 GET /privacy/ 200 in 3.3s (next.js: 1562ms, application-code: 1727ms)
 GET /partners/ 200 in 3.5s (next.js: 238ms, application-code: 3.3s)
 GET /privacy/ 200 in 362ms (next.js: 16ms, application-code: 346ms)
 GET /partners/ 200 in 1602ms (next.js: 13ms, application-code: 1589ms)
 GET /how-it-works/ 200 in 4.1s (next.js: 1130ms, application-code: 3.0s)
 GET /how-it-works/ 200 in 4.1s (next.js: 885ms, application-code: 3.2s)
 GET /how-it-works/ 200 in 2.5s (next.js: 153ms, application-code: 2.4s)
 GET /how-it-works/ 200 in 2.2s (next.js: 17ms, application-code: 2.2s)
 GET /how-it-works/ 200 in 2.0s (next.js: 342ms, application-code: 1681ms)
 GET /how-it-works/ 200 in 2.0s (next.js: 187ms, application-code: 1862ms)
 GET /how-it-works/ 200 in 2.1s (next.js: 38ms, application-code: 2.0s)
 GET /how-it-works/ 200 in 1997ms (next.js: 11ms, application-code: 1986ms)
 GET /partners/ 200 in 2.3s (next.js: 19ms, application-code: 2.3s)
 GET /partners/ 200 in 2.3s (next.js: 27ms, application-code: 2.2s)
 GET /partners/ 200 in 2.1s (next.js: 16ms, application-code: 2.1s)
 GET /partners/ 200 in 1837ms (next.js: 10ms, application-code: 1826ms)
 GET /partners/ 200 in 2.2s (next.js: 192ms, application-code: 2.0s)
 GET /partners/ 200 in 1932ms (next.js: 17ms, application-code: 1915ms)
 GET /how-it-works/ 200 in 2.5s (next.js: 11ms, application-code: 2.5s)
 GET /how-it-works/ 200 in 2.5s (next.js: 22ms, application-code: 2.5s)
 GET /how-it-works/ 200 in 2.4s (next.js: 152ms, application-code: 2.2s)
 GET /how-it-works/ 200 in 2.4s (next.js: 564ms, application-code: 1804ms)
 GET /how-it-works/ 200 in 2.4s (next.js: 345ms, application-code: 2.0s)
 GET /how-it-works/ 200 in 1591ms (next.js: 11ms, application-code: 1580ms)
 GET /partners/ 200 in 1380ms (next.js: 11ms, application-code: 1369ms)
✓ Compiled in 419ms
 GET /partners/ 200 in 1803ms (next.js: 12ms, application-code: 1791ms)
 GET /partners/ 200 in 1808ms (next.js: 264ms, application-code: 1545ms)
 GET /partners/ 200 in 1424ms (next.js: 13ms, application-code: 1410ms)
 GET /partners/ 200 in 3.0s (next.js: 13ms, application-code: 3.0s)
 GET /how-it-works/ 200 in 3.3s (next.js: 10ms, application-code: 3.3s)
 GET /how-it-works/ 200 in 3.1s (next.js: 11ms, application-code: 3.1s)
 GET /how-it-works/ 200 in 3.2s (next.js: 15ms, application-code: 3.1s)
 GET /how-it-works/ 200 in 2.8s (next.js: 342ms, application-code: 2.5s)
 GET /how-it-works/ 200 in 2.8s (next.js: 680ms, application-code: 2.1s)
 GET /how-it-works/ 200 in 1814ms (next.js: 431ms, application-code: 1384ms)
 GET /how-it-works/ 200 in 1848ms (next.js: 133ms, application-code: 1715ms)
 GET /how-it-works/ 200 in 1889ms (next.js: 20ms, application-code: 1869ms)
 GET /how-it-works/ 200 in 1634ms (next.js: 12ms, application-code: 1622ms)
 GET /how-it-works/ 200 in 1604ms (next.js: 10ms, application-code: 1594ms)
 GET /privacy/ 200 in 399ms (next.js: 32ms, application-code: 367ms)
 GET /how-it-works/ 200 in 1691ms (next.js: 14ms, application-code: 1676ms)
 GET /how-it-works/ 200 in 1594ms (next.js: 17ms, application-code: 1577ms)
 GET /how-it-works/ 200 in 1589ms (next.js: 225ms, application-code: 1364ms)
 GET /how-it-works/ 200 in 1171ms (next.js: 46ms, application-code: 1125ms)
 GET /privacy/ 200 in 683ms (next.js: 14ms, application-code: 669ms)
 GET /privacy/ 200 in 966ms (next.js: 13ms, application-code: 953ms)
 GET /privacy/ 200 in 989ms (next.js: 11ms, application-code: 978ms)
 GET /privacy/ 200 in 1004ms (next.js: 13ms, application-code: 991ms)
 GET /privacy/ 200 in 865ms (next.js: 19ms, application-code: 846ms)
 GET /privacy/ 200 in 713ms (next.js: 13ms, application-code: 700ms)
 GET /privacy/ 200 in 742ms (next.js: 12ms, application-code: 730ms)
 GET /privacy/ 200 in 1444ms (next.js: 10ms, application-code: 1435ms)
 GET /privacy/ 200 in 1444ms (next.js: 14ms, application-code: 1430ms)
 GET /privacy/ 200 in 1425ms (next.js: 19ms, application-code: 1407ms)
 GET /privacy/ 200 in 1225ms (next.js: 15ms, application-code: 1211ms)
 GET /partners/ 200 in 1548ms (next.js: 74ms, application-code: 1474ms)
 GET /privacy/ 200 in 455ms (next.js: 15ms, application-code: 440ms)
 GET /partners/ 200 in 678ms (next.js: 15ms, application-code: 663ms)
 GET /how-it-works/ 200 in 1302ms (next.js: 251ms, application-code: 1052ms)
 GET /how-it-works/ 200 in 315ms (next.js: 10ms, application-code: 305ms)
✓ Compiled in 324ms
 GET /privacy/ 200 in 2.4s (next.js: 1514ms, application-code: 879ms)
 GET /privacy/ 200 in 445ms (next.js: 17ms, application-code: 428ms)
 GET /partners/ 200 in 2.7s (next.js: 375ms, application-code: 2.3s)
 GET /partners/ 200 in 959ms (next.js: 246ms, application-code: 713ms)
 GET /how-it-works/ 200 in 3.6s (next.js: 307ms, application-code: 3.3s)
 GET /how-it-works/ 200 in 2.7s (next.js: 68ms, application-code: 2.7s)
 GET /how-it-works/ 200 in 2.7s (next.js: 608ms, application-code: 2.1s)
 GET /how-it-works/ 200 in 983ms (next.js: 17ms, application-code: 965ms)
 GET /phones/ 200 in 1586ms (next.js: 412ms, application-code: 1173ms)
 GET /privacy/ 200 in 1513ms (next.js: 38ms, application-code: 1475ms)
 GET /phones/ 200 in 454ms (next.js: 27ms, application-code: 426ms)
[browser] Detected `scroll-behavior: smooth` on the `<html>` element. To disable smooth scrolling during route transitions, add `data-scroll-behavior="smooth"` to your <html> element. Learn more: https://nextjs.org/docs/messages/missing-data-scroll-behavior (file://C:/Users/User/Desktop/My Projects/getphone-website/.next/dev/static/chunks/node_modules_next_dist_115brz8._.js:2431:13)
 GET /partners/ 200 in 327ms (next.js: 21ms, application-code: 307ms)
 GET /faq/ 200 in 667ms (next.js: 354ms, application-code: 313ms)
 GET /contact/ 200 in 658ms (next.js: 228ms, application-code: 430ms)
 GET / 200 in 1122ms (next.js: 128ms, application-code: 993ms)
 GET /phones/ 200 in 503ms (next.js: 61ms, application-code: 442ms)
 GET /how-it-works/ 200 in 383ms (next.js: 32ms, application-code: 351ms)
 GET / 200 in 675ms (next.js: 21ms, application-code: 655ms)
 GET /how-it-works/ 200 in 316ms (next.js: 14ms, application-code: 302ms)
 GET /phones/ 200 in 333ms (next.js: 22ms, application-code: 311ms)
 GET /phones/ 200 in 327ms (next.js: 32ms, application-code: 295ms)
 GET /partners/ 200 in 340ms (next.js: 39ms, application-code: 301ms)
✓ Compiled in 1266ms
 GET /privacy/ 200 in 5.4s (next.js: 952ms, application-code: 4.4s)
 GET /privacy/ 200 in 3.8s (next.js: 506ms, application-code: 3.3s)
 GET /partners/ 200 in 9.7s (next.js: 1923ms, application-code: 7.8s)
 GET /partners/ 200 in 6.7s (next.js: 1845ms, application-code: 4.8s)
 GET /how-it-works/ 200 in 10.4s (next.js: 676ms, application-code: 9.8s)
 GET /how-it-works/ 200 in 8.4s (next.js: 43ms, application-code: 8.3s)
 GET /how-it-works/ 200 in 8.3s (next.js: 1366ms, application-code: 7.0s)
 GET /how-it-works/ 200 in 6.2s (next.js: 33ms, application-code: 6.2s)
 GET /how-it-works/ 200 in 6.3s (next.js: 1113ms, application-code: 5.2s)
 GET /how-it-works/ 200 in 6.3s (next.js: 1601ms, application-code: 4.7s)
 GET /how-it-works/ 200 in 6.8s (next.js: 37ms, application-code: 6.7s)
 GET /how-it-works/ 200 in 6.8s (next.js: 381ms, application-code: 6.4s)
 GET /how-it-works/ 200 in 6.2s (next.js: 28ms, application-code: 6.1s)
 GET /how-it-works/ 200 in 5.9s (next.js: 38ms, application-code: 5.9s)
 GET /how-it-works/ 200 in 5.9s (next.js: 28ms, application-code: 5.8s)
 GET /how-it-works/ 200 in 5.3s (next.js: 55ms, application-code: 5.3s)
 GET /how-it-works/ 200 in 5.2s (next.js: 21ms, application-code: 5.2s)
 GET /how-it-works/ 200 in 5.1s (next.js: 82ms, application-code: 5.0s)
 GET /how-it-works/ 200 in 5.1s (next.js: 446ms, application-code: 4.6s)
 GET /how-it-works/ 200 in 4.6s (next.js: 37ms, application-code: 4.6s)
 GET /how-it-works/ 200 in 5.5s (next.js: 38ms, application-code: 5.5s)
 GET /how-it-works/ 200 in 5.6s (next.js: 809ms, application-code: 4.7s)
 GET /how-it-works/ 200 in 5.6s (next.js: 442ms, application-code: 5.1s)
 GET /how-it-works/ 200 in 4.8s (next.js: 379ms, application-code: 4.4s)
 GET /how-it-works/ 200 in 4.0s (next.js: 24ms, application-code: 3.9s)
 GET /how-it-works/ 200 in 3.9s (next.js: 36ms, application-code: 3.8s)
 GET /partners/ 200 in 2.4s (next.js: 652ms, application-code: 1786ms)
 GET /how-it-works/ 200 in 3.8s (next.js: 26ms, application-code: 3.8s)
 GET /how-it-works/ 200 in 3.7s (next.js: 30ms, application-code: 3.7s)
 GET /how-it-works/ 200 in 3.6s (next.js: 42ms, application-code: 3.6s)
 GET /how-it-works/ 200 in 3.8s (next.js: 65ms, application-code: 3.7s)
 GET /how-it-works/ 200 in 3.2s (next.js: 48ms, application-code: 3.2s)
 GET /partners/ 200 in 2.6s (next.js: 25ms, application-code: 2.6s)
 GET /partners/ 200 in 2.2s (next.js: 47ms, application-code: 2.2s)
 GET /partners/ 200 in 2.6s (next.js: 19ms, application-code: 2.6s)
 GET /partners/ 200 in 2.7s (next.js: 384ms, application-code: 2.3s)
 GET /partners/ 200 in 2.4s (next.js: 89ms, application-code: 2.3s)
 GET /partners/ 200 in 2.1s (next.js: 48ms, application-code: 2.1s)
 GET /partners/ 200 in 2.4s (next.js: 22ms, application-code: 2.4s)
 GET /partners/ 200 in 2.1s (next.js: 37ms, application-code: 2.0s)
 GET /privacy/ 200 in 766ms (next.js: 41ms, application-code: 725ms)
 GET /partners/ 200 in 2.5s (next.js: 24ms, application-code: 2.4s)
 GET /partners/ 200 in 2.5s (next.js: 388ms, application-code: 2.1s)
 GET /partners/ 200 in 1833ms (next.js: 28ms, application-code: 1806ms)
 GET /privacy/ 200 in 1133ms (next.js: 35ms, application-code: 1098ms)
 GET /privacy/ 200 in 1083ms (next.js: 33ms, application-code: 1050ms)
 GET /privacy/ 200 in 816ms (next.js: 14ms, application-code: 802ms)
✓ Compiled in 1690ms
 GET /privacy/ 200 in 7.0s (next.js: 2.8s, application-code: 4.2s)
 GET /privacy/ 200 in 6.6s (next.js: 2.9s, application-code: 3.7s)
 GET /privacy/ 200 in 7.0s (next.js: 3.7s, application-code: 3.3s)
 GET /privacy/ 200 in 6.8s (next.js: 2.1s, application-code: 4.7s)
 GET /privacy/ 200 in 6.7s (next.js: 2.6s, application-code: 4.0s)
 GET /privacy/ 200 in 10.3s (next.js: 4.0s, application-code: 6.4s)
 GET /privacy/ 200 in 3.2s (next.js: 138ms, application-code: 3.1s)
 GET /privacy/ 200 in 3.3s (next.js: 414ms, application-code: 2.8s)
 GET /privacy/ 200 in 3.3s (next.js: 999ms, application-code: 2.3s)
 GET /how-it-works/ 200 in 6.9s (next.js: 821ms, application-code: 6.1s)
 GET /how-it-works/ 200 in 7.0s (next.js: 45ms, application-code: 7.0s)
 GET /how-it-works/ 200 in 6.5s (next.js: 123ms, application-code: 6.4s)
 GET /how-it-works/ 200 in 6.5s (next.js: 537ms, application-code: 5.9s)
 GET /how-it-works/ 200 in 6.5s (next.js: 1072ms, application-code: 5.4s)
 GET /privacy/ 200 in 2.3s (next.js: 55ms, application-code: 2.2s)
 GET /how-it-works/ 200 in 5.6s (next.js: 628ms, application-code: 5.0s)
 GET /how-it-works/ 200 in 5.6s (next.js: 1272ms, application-code: 4.3s)
 GET /partners/ 200 in 4.1s (next.js: 442ms, application-code: 3.7s)
 GET /how-it-works/ 200 in 6.3s (next.js: 36ms, application-code: 6.2s)
 GET /partners/ 200 in 5.8s (next.js: 315ms, application-code: 5.4s)
 GET /how-it-works/ 200 in 6.0s (next.js: 33ms, application-code: 6.0s)
 GET /how-it-works/ 200 in 6.0s (next.js: 371ms, application-code: 5.6s)
 GET /how-it-works/ 200 in 6.2s (next.js: 34ms, application-code: 6.1s)
 GET /how-it-works/ 200 in 5.6s (next.js: 61ms, application-code: 5.5s)
 GET /how-it-works/ 200 in 5.6s (next.js: 771ms, application-code: 4.8s)
 GET /how-it-works/ 200 in 5.6s (next.js: 426ms, application-code: 5.2s)
 GET /how-it-works/ 200 in 4.7s (next.js: 75ms, application-code: 4.6s)
 GET /how-it-works/ 200 in 4.7s (next.js: 797ms, application-code: 3.9s)
 GET /how-it-works/ 200 in 4.7s (next.js: 1251ms, application-code: 3.4s)
 GET /how-it-works/ 200 in 3.0s (next.js: 16ms, application-code: 3.0s)
 GET /how-it-works/ 200 in 3.9s (next.js: 17ms, application-code: 3.9s)
 GET /how-it-works/ 200 in 3.6s (next.js: 29ms, application-code: 3.6s)
 GET /how-it-works/ 200 in 3.8s (next.js: 440ms, application-code: 3.4s)
 GET /how-it-works/ 200 in 3.8s (next.js: 57ms, application-code: 3.8s)
 GET /how-it-works/ 200 in 3.2s (next.js: 24ms, application-code: 3.1s)
 GET /how-it-works/ 200 in 2.7s (next.js: 29ms, application-code: 2.7s)
 GET /how-it-works/ 200 in 2.7s (next.js: 470ms, application-code: 2.3s)
 GET /how-it-works/ 200 in 1827ms (next.js: 17ms, application-code: 1810ms)
 GET /how-it-works/ 200 in 2.6s (next.js: 372ms, application-code: 2.2s)
 GET /how-it-works/ 200 in 2.6s (next.js: 22ms, application-code: 2.6s)
 GET /privacy/ 200 in 1942ms (next.js: 35ms, application-code: 1906ms)
 GET /how-it-works/ 200 in 2.7s (next.js: 37ms, application-code: 2.6s)
 GET /partners/ 200 in 2.4s (next.js: 49ms, application-code: 2.4s)
 GET /partners/ 200 in 2.4s (next.js: 517ms, application-code: 1879ms)
 GET /partners/ 200 in 2.2s (next.js: 35ms, application-code: 2.2s)
 GET /partners/ 200 in 1948ms (next.js: 31ms, application-code: 1916ms)
 GET /partners/ 200 in 2.2s (next.js: 28ms, application-code: 2.2s)
 GET /partners/ 200 in 2.4s (next.js: 18ms, application-code: 2.4s)
 GET /partners/ 200 in 2.5s (next.js: 20ms, application-code: 2.4s)
 GET /partners/ 200 in 2.5s (next.js: 401ms, application-code: 2.1s)
 GET /partners/ 200 in 2.5s (next.js: 26ms, application-code: 2.5s)
 GET /partners/ 200 in 2.3s (next.js: 8ms, application-code: 2.3s)
 GET /partners/ 200 in 2.5s (next.js: 25ms, application-code: 2.5s)
 GET /privacy/ 200 in 1466ms (next.js: 174ms, application-code: 1292ms)
 GET /partners/ 200 in 1985ms (next.js: 52ms, application-code: 1932ms)
 GET /privacy/ 200 in 1056ms (next.js: 27ms, application-code: 1029ms)
 GET /privacy/ 200 in 2.1s (next.js: 63ms, application-code: 2.1s)
 GET /privacy/ 200 in 2.1s (next.js: 344ms, application-code: 1790ms)
 GET /privacy/ 200 in 3.9s (next.js: 65ms, application-code: 3.8s)
 GET /privacy/ 200 in 3.9s (next.js: 530ms, application-code: 3.4s)
 GET /privacy/ 200 in 3.1s (next.js: 34ms, application-code: 3.0s)
 GET /privacy/ 200 in 3.1s (next.js: 293ms, application-code: 2.8s)
 GET /privacy/ 200 in 1569ms (next.js: 121ms, application-code: 1447ms)
 GET /privacy/ 200 in 1227ms (next.js: 18ms, application-code: 1209ms)
 GET /privacy/ 200 in 1238ms (next.js: 436ms, application-code: 802ms)
 GET /how-it-works/ 200 in 3.8s (next.js: 36ms, application-code: 3.8s)
[browser] A tree hydrated but some attributes of the server rendered HTML didn't match the client properties. This won't be patched up. This can happen if a SSR-ed Client Component used:

- A server/client branch `if (typeof window !== 'undefined')`.
- Variable input such as `Date.now()` or `Math.random()` which changes each time it's called.
- Date formatting in a user's locale which doesn't match the server.
- External changing data without sending a snapshot of it along with the HTML.
- Invalid HTML tag nesting.

It can also happen if the client has a browser extension installed which messes with the HTML before React loaded.

https://react.dev/link/hydration-mismatch

  ...
    <HotReload globalError={[...]} webSocket={WebSocket} staticIndicatorState={{pathname:null, ...}}>
      <AppDevOverlayErrorBoundary globalError={[...]}>
        <ReplaySsrOnlyErrors>
        <DevRootHTTPAccessFallbackBoundary>
          <HTTPAccessFallbackBoundary notFound={<NotAllowedRootHTTPFallbackError>}>
            <HTTPAccessFallbackErrorBoundary pathname="/how-it-wo..." notFound={<NotAllowedRootHTTPFallbackError>} ...>
              <RedirectBoundary>
                <RedirectErrorBoundary router={{...}}>
                  <Head>
                  <__next_root_layout_boundary__>
                    <SegmentViewNode type="layout" pagePath="layout.tsx">
                      <SegmentTrieNode>
                      <link>
                      <script>
                      <script>
                      <script>
                      <RootLayout>
                        <html lang="en" className="inter_7b06...">
                          <body
+                           className="min-h-screen flex flex-col antialiased"
-                           className="min-h-screen flex flex-col antialiased antigravity-scroll-lock"
                          >
                  ...
 
    at <unknown> (file://C:/Users/User/Desktop/My Projects/getphone-website/.next/dev/static/chunks/node_modules_next_dist_compiled_react-dom_058-ah~._.js:3439:25)
    at runWithFiberInDEV (file://C:/Users/User/Desktop/My Projects/getphone-website/.next/dev/static/chunks/node_modules_next_dist_compiled_react-dom_058-ah~._.js:965:74)
    at emitPendingHydrationWarnings (file://C:/Users/User/Desktop/My Projects/getphone-website/.next/dev/static/chunks/node_modules_next_dist_compiled_react-dom_058-ah~._.js:3438:13)
    at completeWork (file://C:/Users/User/Desktop/My Projects/getphone-website/.next/dev/static/chunks/node_modules_next_dist_compiled_react-dom_058-ah~._.js:6885:102)
    at runWithFiberInDEV (file://C:/Users/User/Desktop/My Projects/getphone-website/.next/dev/static/chunks/node_modules_next_dist_compiled_react-dom_058-ah~._.js:965:131)
    at completeUnitOfWork (file://C:/Users/User/Desktop/My Projects/getphone-website/.next/dev/static/chunks/node_modules_next_dist_compiled_react-dom_058-ah~._.js:9622:23)
    at performUnitOfWork (file://C:/Users/User/Desktop/My Projects/getphone-website/.next/dev/static/chunks/node_modules_next_dist_compiled_react-dom_058-ah~._.js:9557:28)
    at workLoopConcurrentByScheduler (file://C:/Users/User/Desktop/My Projects/getphone-website/.next/dev/static/chunks/node_modules_next_dist_compiled_react-dom_058-ah~._.js:9551:58)
    at renderRootConcurrent (file://C:/Users/User/Desktop/My Projects/getphone-website/.next/dev/static/chunks/node_modules_next_dist_compiled_react-dom_058-ah~._.js:9534:71)
    at performWorkOnRoot (file://C:/Users/User/Desktop/My Projects/getphone-website/.next/dev/static/chunks/node_modules_next_dist_compiled_react-dom_058-ah~._.js:9061:150)
    at performWorkOnRootViaSchedulerTask (file://C:/Users/User/Desktop/My Projects/getphone-website/.next/dev/static/chunks/node_modules_next_dist_compiled_react-dom_058-ah~._.js:10255:9)
    at MessagePort.performWorkUntilDeadline (file://C:/Users/User/Desktop/My Projects/getphone-website/.next/dev/static/chunks/node_modules_next_dist_compiled_0rpq4pf._.js:2647:64) (file://C:/Users/User/Desktop/My Projects/getphone-website/.next/dev/static/chunks/node_modules_next_dist_compiled_react-dom_058-ah~._.js:3439:25)
 GET /privacy/ 200 in 1505ms (next.js: 19ms, application-code: 1486ms)
 GET /about/ 200 in 1028ms (next.js: 173ms, application-code: 855ms)
[browser] Detected `scroll-behavior: smooth` on the `<html>` element. To disable smooth scrolling during route transitions, add `data-scroll-behavior="smooth"` to your <html> element. Learn more: https://nextjs.org/docs/messages/missing-data-scroll-behavior (file://C:/Users/User/Desktop/My Projects/getphone-website/.next/dev/static/chunks/node_modules_next_dist_115brz8._.js:2431:13)
 GET / 200 in 1735ms (next.js: 802ms, application-code: 932ms)
 GET /how-it-works/ 200 in 3.7s (next.js: 34ms, application-code: 3.7s)
 GET /phones/ 200 in 14.1s (next.js: 3.1s, application-code: 11.0s)
 GET /about/ 200 in 7.2s (next.js: 3.1s, application-code: 4.2s)
 GET /about/ 200 in 3.6s (next.js: 1220ms, application-code: 2.4s)
 GET /about/ 200 in 8.3s (next.js: 3.7s, application-code: 4.6s)
 GET /about/ 200 in 2.7s (next.js: 173ms, application-code: 2.5s)
 GET /about/ 200 in 4.6s (next.js: 38ms, application-code: 4.5s)
 GET /about/ 200 in 8.4s (next.js: 51ms, application-code: 8.3s)
 GET /about/ 200 in 8.6s (next.js: 35ms, application-code: 8.6s)
 GET /about/ 200 in 8.2s (next.js: 84ms, application-code: 8.1s)
 GET /about/ 200 in 9.9s (next.js: 47ms, application-code: 9.8s)
 GET /about/ 200 in 9.3s (next.js: 43ms, application-code: 9.2s)
 GET /about/ 200 in 8.4s (next.js: 96ms, application-code: 8.3s)
 GET /how-it-works/ 200 in 10.0s (next.js: 666ms, application-code: 9.3s)
 GET /how-it-works/ 200 in 8.8s (next.js: 954ms, application-code: 7.8s)
 GET /how-it-works/ 200 in 8.0s (next.js: 590ms, application-code: 7.4s)
 GET /how-it-works/ 200 in 8.0s (next.js: 51ms, application-code: 7.9s)
 GET /how-it-works/ 200 in 8.0s (next.js: 1782ms, application-code: 6.2s)
 GET /how-it-works/ 200 in 8.0s (next.js: 1242ms, application-code: 6.7s)
 GET /about/ 200 in 5.3s (next.js: 63ms, application-code: 5.2s)
 GET /partners/ 200 in 7.0s (next.js: 731ms, application-code: 6.2s)
 GET /partners/ 200 in 5.8s (next.js: 106ms, application-code: 5.7s)
 GET /how-it-works/ 200 in 6.6s (next.js: 133ms, application-code: 6.5s)
 GET /partners/ 200 in 5.5s (next.js: 22ms, application-code: 5.5s)
 GET /how-it-works/ 200 in 6.8s (next.js: 30ms, application-code: 6.8s)
 GET /how-it-works/ 200 in 6.8s (next.js: 338ms, application-code: 6.4s)
 GET /partners/ 200 in 4.3s (next.js: 383ms, application-code: 4.0s)
 GET /how-it-works/ 200 in 6.2s (next.js: 35ms, application-code: 6.1s)
 GET /partners/ 200 in 3.5s (next.js: 444ms, application-code: 3.1s)
 GET /how-it-works/ 200 in 6.1s (next.js: 35ms, application-code: 6.0s)
 GET /how-it-works/ 200 in 6.1s (next.js: 821ms, application-code: 5.3s)
 GET /partners/ 200 in 3.1s (next.js: 41ms, application-code: 3.1s)
 GET /partners/ 200 in 3.1s (next.js: 258ms, application-code: 2.9s)
 GET /partners/ 200 in 3.0s (next.js: 85ms, application-code: 2.9s)
 GET /partners/ 200 in 3.0s (next.js: 53ms, application-code: 2.9s)
 GET /partners/ 200 in 2.7s (next.js: 27ms, application-code: 2.7s)
 GET /how-it-works/ 200 in 3.8s (next.js: 31ms, application-code: 3.8s)
 GET /how-it-works/ 200 in 3.9s (next.js: 47ms, application-code: 3.9s)
 GET /how-it-works/ 200 in 3.9s (next.js: 451ms, application-code: 3.5s)
 GET /how-it-works/ 200 in 4.0s (next.js: 30ms, application-code: 4.0s)
 GET /how-it-works/ 200 in 4.3s (next.js: 33ms, application-code: 4.3s)
 GET /how-it-works/ 200 in 4.5s (next.js: 26ms, application-code: 4.5s)
 GET /how-it-works/ 200 in 3.5s (next.js: 91ms, application-code: 3.4s)
 GET /how-it-works/ 200 in 4.1s (next.js: 430ms, application-code: 3.7s)
 GET /how-it-works/ 200 in 4.2s (next.js: 37ms, application-code: 4.1s)
 GET /how-it-works/ 200 in 4.0s (next.js: 29ms, application-code: 4.0s)
 GET /faq/ 200 in 2.1s (next.js: 823ms, application-code: 1302ms)
 GET /how-it-works/ 200 in 3.8s (next.js: 118ms, application-code: 3.6s)
 GET /how-it-works/ 200 in 4.2s (next.js: 26ms, application-code: 4.2s)
 GET /faq/ 200 in 2.4s (next.js: 524ms, application-code: 1837ms)
 GET /how-it-works/ 200 in 3.9s (next.js: 47ms, application-code: 3.8s)
✓ Compiled in 656ms
 GET /how-it-works/ 200 in 3.4s (next.js: 20ms, application-code: 3.4s)
 GET /how-it-works/ 200 in 3.4s (next.js: 407ms, application-code: 3.0s)
 GET /how-it-works/ 200 in 2.5s (next.js: 45ms, application-code: 2.4s)
 GET /how-it-works/ 200 in 1924ms (next.js: 49ms, application-code: 1875ms)
 GET /how-it-works/ 200 in 1921ms (next.js: 430ms, application-code: 1490ms)
 GET /faq/ 200 in 3.9s (next.js: 661ms, application-code: 3.3s)
 GET /partners/ 200 in 5.1s (next.js: 487ms, application-code: 4.6s)
 GET /faq/ 200 in 2.3s (next.js: 460ms, application-code: 1870ms)
 GET /partners/ 200 in 4.9s (next.js: 1048ms, application-code: 3.9s)
 GET /how-it-works/ 200 in 5.0s (next.js: 173ms, application-code: 4.9s)
 GET /how-it-works/ 200 in 3.4s (next.js: 22ms, application-code: 3.4s)
 GET /how-it-works/ 200 in 2.5s (next.js: 116ms, application-code: 2.4s)
 GET /how-it-works/ 200 in 1892ms (next.js: 64ms, application-code: 1829ms)
 GET /how-it-works/ 200 in 1138ms (next.js: 35ms, application-code: 1103ms)
 GET /how-it-works/ 200 in 641ms (next.js: 17ms, application-code: 625ms)
 GET /faq/ 200 in 2.1s (next.js: 23ms, application-code: 2.0s)
✓ Compiled in 642ms
 GET /faq/ 200 in 6.9s (next.js: 980ms, application-code: 5.9s)
 GET /faq/ 200 in 5.4s (next.js: 447ms, application-code: 5.0s)
 GET /partners/ 200 in 6.6s (next.js: 136ms, application-code: 6.5s)
 GET /partners/ 200 in 3.8s (next.js: 37ms, application-code: 3.8s)
 GET /how-it-works/ 200 in 8.1s (next.js: 1567ms, application-code: 6.5s)
 GET /how-it-works/ 200 in 8.1s (next.js: 2.3s, application-code: 5.8s)
 GET /how-it-works/ 200 in 5.3s (next.js: 454ms, application-code: 4.9s)
 GET /how-it-works/ 200 in 4.9s (next.js: 468ms, application-code: 4.4s)
 GET /phones/ 200 in 2.5s (next.js: 524ms, application-code: 1937ms)
 GET /how-it-works/ 200 in 3.8s (next.js: 177ms, application-code: 3.6s)
 GET /how-it-works/ 200 in 2.9s (next.js: 36ms, application-code: 2.9s)
 GET /how-it-works/ 200 in 1636ms (next.js: 33ms, application-code: 1603ms)
 GET /how-it-works/ 200 in 943ms (next.js: 42ms, application-code: 901ms)
 GET /how-it-works/ 200 in 547ms (next.js: 39ms, application-code: 509ms)
[browser] Detected `scroll-behavior: smooth` on the `<html>` element. To disable smooth scrolling during route transitions, add `data-scroll-behavior="smooth"` to your <html> element. Learn more: https://nextjs.org/docs/messages/missing-data-scroll-behavior (file://C:/Users/User/Desktop/My Projects/getphone-website/.next/dev/static/chunks/node_modules_next_dist_115brz8._.js:2431:13)
 GET / 200 in 1063ms (next.js: 441ms, application-code: 622ms)
 GET / 200 in 384ms (next.js: 28ms, application-code: 356ms)
 GET /how-it-works/ 200 in 321ms (next.js: 30ms, application-code: 290ms)
 GET /phones/ 200 in 291ms (next.js: 32ms, application-code: 259ms)
 GET /about/ 200 in 402ms (next.js: 100ms, application-code: 302ms)
 GET /privacy/ 200 in 1039ms (next.js: 465ms, application-code: 574ms)
 GET /terms/ 200 in 430ms (next.js: 234ms, application-code: 196ms)
 GET /terms/ 200 in 1807ms (next.js: 923ms, application-code: 883ms)
 GET /phones/ 200 in 3.7s (next.js: 1886ms, application-code: 1822ms)
 GET /phones/ 200 in 1333ms (next.js: 48ms, application-code: 1285ms)
 GET /partners/ 200 in 4.4s (next.js: 105ms, application-code: 4.3s)
 GET /how-it-works/ 200 in 3.8s (next.js: 968ms, application-code: 2.8s)
 GET /how-it-works/ 200 in 3.8s (next.js: 116ms, application-code: 3.7s)
 GET /how-it-works/ 200 in 1427ms (next.js: 608ms, application-code: 820ms)
✓ Compiled in 967ms
 GET /phones/ 200 in 3.9s (next.js: 596ms, application-code: 3.3s)
 GET /partners/ 200 in 2.5s (next.js: 124ms, application-code: 2.4s)
 GET /phones/ 200 in 2.5s (next.js: 1250ms, application-code: 1265ms)
 GET /partners/ 200 in 1453ms (next.js: 44ms, application-code: 1409ms)
 GET /how-it-works/ 200 in 4.4s (next.js: 616ms, application-code: 3.8s)
 GET /how-it-works/ 200 in 3.0s (next.js: 331ms, application-code: 2.6s)
 GET /phones/zte-blade-a76/ 200 in 2.0s (next.js: 517ms, generate-params: 54ms, application-code: 1513ms)
 GET /how-it-works/ 200 in 2.7s (next.js: 31ms, application-code: 2.6s)
 GET /how-it-works/ 200 in 2.1s (next.js: 846ms, application-code: 1260ms)
✓ Compiled in 402ms
 GET /partners/ 200 in 4.7s (next.js: 578ms, application-code: 4.2s)
 GET /phones/zte-blade-a76/ 200 in 3.2s (next.js: 693ms, generate-params: 75ms, application-code: 2.5s)
 GET /partners/ 200 in 3.2s (next.js: 1406ms, application-code: 1822ms)
 GET /phones/zte-blade-a76/ 200 in 1457ms (next.js: 45ms, generate-params: 129µs, application-code: 1412ms)
 GET /how-it-works/ 200 in 5.4s (next.js: 1054ms, application-code: 4.3s)
 GET /how-it-works/ 200 in 3.7s (next.js: 1728ms, application-code: 1971ms)
 GET /how-it-works/ 200 in 641ms (next.js: 110ms, application-code: 531ms)
 GET /how-it-works/ 200 in 596ms (next.js: 27ms, application-code: 569ms)
 GET /phones/zte-blade-a76/ 200 in 1944ms (next.js: 55ms, generate-params: 37ms, application-code: 1889ms)
✓ Compiled in 709ms
 GET /partners/ 200 in 4.3s (next.js: 695ms, application-code: 3.6s)
 GET /phones/zte-blade-a76/ 200 in 3.3s (next.js: 386ms, generate-params: 33ms, application-code: 3.0s)
 GET /partners/ 200 in 2.3s (next.js: 751ms, application-code: 1581ms)
 GET /partners/ 200 in 1351ms (next.js: 324ms, application-code: 1028ms)
 GET /how-it-works/ 200 in 3.2s (next.js: 164ms, application-code: 3.1s)
 GET /how-it-works/ 200 in 2.2s (next.js: 33ms, application-code: 2.2s)
 GET /how-it-works/ 200 in 1433ms (next.js: 15ms, application-code: 1418ms)
 GET /partners/ 200 in 942ms (next.js: 471ms, application-code: 472ms)
 GET /how-it-works/ 200 in 958ms (next.js: 32ms, application-code: 925ms)
[browser] Detected `scroll-behavior: smooth` on the `<html>` element. To disable smooth scrolling during route transitions, add `data-scroll-behavior="smooth"` to your <html> element. Learn more: https://nextjs.org/docs/messages/missing-data-scroll-behavior (file://C:/Users/User/Desktop/My Projects/getphone-website/.next/dev/static/chunks/node_modules_next_dist_115brz8._.js:2431:13)
 GET /phones/ 200 in 739ms (next.js: 173ms, application-code: 566ms)
✓ Compiled in 694ms
 GET /phones/ 200 in 6.4s (next.js: 863ms, application-code: 5.6s)
 GET /partners/ 200 in 4.6s (next.js: 2.3s, application-code: 2.2s)
 GET /phones/ 200 in 4.9s (next.js: 2.8s, application-code: 2.1s)
 GET /how-it-works/ 200 in 2.1s (next.js: 33ms, application-code: 2.1s)
 GET /how-it-works/ 200 in 6.3s (next.js: 714ms, application-code: 5.6s)
 GET /how-it-works/ 200 in 3.2s (next.js: 393ms, application-code: 2.8s)
 GET /partners/ 200 in 2.9s (next.js: 34ms, application-code: 2.9s)
 GET /phones/ 200 in 2.6s (next.js: 51ms, application-code: 2.5s)
 GET /phones/ 200 in 3.6s (next.js: 25ms, application-code: 3.5s)
 GET /phones/ 200 in 3.2s (next.js: 38ms, application-code: 3.2s)
 GET /phones/ 200 in 4.0s (next.js: 68ms, application-code: 4.0s)
 GET /phones/ 200 in 3.6s (next.js: 86ms, application-code: 3.5s)
 GET /phones/ 200 in 4.0s (next.js: 34ms, application-code: 4.0s)
 GET /phones/ 200 in 3.9s (next.js: 29ms, application-code: 3.9s)
 GET /phones/ 200 in 3.4s (next.js: 89ms, application-code: 3.3s)
 GET /phones/ 200 in 2.4s (next.js: 19ms, application-code: 2.4s)
 GET /how-it-works/ 200 in 3.6s (next.js: 26ms, application-code: 3.6s)
 GET /how-it-works/ 200 in 3.3s (next.js: 23ms, application-code: 3.2s)
 GET /how-it-works/ 200 in 3.2s (next.js: 20ms, application-code: 3.2s)
 GET /how-it-works/ 200 in 2.8s (next.js: 144ms, application-code: 2.6s)
 GET /how-it-works/ 200 in 2.1s (next.js: 31ms, application-code: 2.1s)
 GET /how-it-works/ 200 in 1674ms (next.js: 30ms, application-code: 1645ms)
 GET /how-it-works/ 200 in 3.0s (next.js: 433ms, application-code: 2.6s)
 GET /how-it-works/ 200 in 3.0s (next.js: 39ms, application-code: 3.0s)
 GET /how-it-works/ 200 in 2.9s (next.js: 95ms, application-code: 2.8s)
 GET /how-it-works/ 200 in 2.9s (next.js: 533ms, application-code: 2.4s)
 GET /how-it-works/ 200 in 2.1s (next.js: 54ms, application-code: 2.0s)
 GET /how-it-works/ 200 in 2.6s (next.js: 21ms, application-code: 2.6s)
 GET /how-it-works/ 200 in 3.0s (next.js: 24ms, application-code: 3.0s)
 GET /how-it-works/ 200 in 3.0s (next.js: 409ms, application-code: 2.6s)
 GET /how-it-works/ 200 in 3.2s (next.js: 504ms, application-code: 2.7s)
 GET /how-it-works/ 200 in 3.2s (next.js: 38ms, application-code: 3.2s)
 GET /how-it-works/ 200 in 2.1s (next.js: 22ms, application-code: 2.1s)
 GET /how-it-works/ 200 in 1787ms (next.js: 22ms, application-code: 1764ms)
 GET /how-it-works/ 200 in 2.5s (next.js: 30ms, application-code: 2.5s)
 GET /how-it-works/ 200 in 2.5s (next.js: 402ms, application-code: 2.1s)
 GET /partners/ 200 in 2.1s (next.js: 62ms, application-code: 2.1s)
 GET /partners/ 200 in 1840ms (next.js: 48ms, application-code: 1792ms)
 GET /partners/ 200 in 1866ms (next.js: 727ms, application-code: 1140ms)
 GET /partners/ 200 in 1879ms (next.js: 385ms, application-code: 1494ms)
 GET /partners/ 200 in 2.4s (next.js: 14ms, application-code: 2.3s)
 GET /partners/ 200 in 2.3s (next.js: 34ms, application-code: 2.3s)
 GET /partners/ 200 in 1979ms (next.js: 70ms, application-code: 1910ms)
 GET /partners/ 200 in 1968ms (next.js: 563ms, application-code: 1404ms)
 GET /partners/ 200 in 1002ms (next.js: 50ms, application-code: 952ms)
 GET /partners/ 200 in 8.5s (next.js: 91ms, application-code: 8.4s)
 GET /partners/ 200 in 7.1s (next.js: 773ms, application-code: 6.3s)
 GET /contact/ 200 in 19.9s (next.js: 1332ms, application-code: 18.5s)
 GET /phones/ 200 in 748ms (next.js: 27ms, application-code: 720ms)
 GET /phones/zte-blade-a76/ 200 in 1925ms (next.js: 1060ms, generate-params: 51ms, application-code: 865ms)
 GET /phones/ 200 in 319ms (next.js: 27ms, application-code: 292ms)
✓ Compiled in 1335ms
 GET /phones/ 200 in 8.2s (next.js: 1229ms, application-code: 7.0s)
 GET /contact/ 200 in 5.5s (next.js: 1051ms, application-code: 4.5s)
 GET /phones/ 200 in 6.6s (next.js: 57ms, application-code: 6.6s)
 GET /partners/ 200 in 7.5s (next.js: 3.5s, application-code: 4.0s)
 GET /phones/ 200 in 7.6s (next.js: 1604ms, application-code: 6.0s)
 GET /phones/ 200 in 7.6s (next.js: 2.4s, application-code: 5.3s)
 GET /phones/ 200 in 947ms (next.js: 505ms, application-code: 442ms)
 GET /phones/ 200 in 1015ms (next.js: 95ms, application-code: 920ms)
 GET /contact/ 200 in 3.0s (next.js: 1449ms, application-code: 1516ms)
 GET /partners/ 200 in 3.0s (next.js: 1711ms, application-code: 1252ms)
 GET /phones/ 200 in 6.2s (next.js: 53ms, application-code: 6.2s)
 GET /contact/ 200 in 1702ms (next.js: 28ms, application-code: 1674ms)
 GET /how-it-works/ 200 in 4.2s (next.js: 799ms, application-code: 3.4s)
 GET /how-it-works/ 200 in 2.6s (next.js: 36ms, application-code: 2.6s)
 GET /partners/ 200 in 2.8s (next.js: 41ms, application-code: 2.7s)
 GET /how-it-works/ 200 in 3.2s (next.js: 360ms, application-code: 2.8s)
 GET /how-it-works/ 200 in 3.2s (next.js: 701ms, application-code: 2.5s)
 GET /how-it-works/ 200 in 3.0s (next.js: 32ms, application-code: 3.0s)
 GET /how-it-works/ 200 in 3.0s (next.js: 68ms, application-code: 2.9s)
 GET /how-it-works/ 200 in 3.0s (next.js: 27ms, application-code: 3.0s)
 GET /how-it-works/ 200 in 3.1s (next.js: 37ms, application-code: 3.0s)
 GET /how-it-works/ 200 in 2.7s (next.js: 387ms, application-code: 2.3s)
 GET /how-it-works/ 200 in 2.7s (next.js: 18ms, application-code: 2.7s)
 GET /how-it-works/ 200 in 2.4s (next.js: 28ms, application-code: 2.4s)
 GET /how-it-works/ 200 in 3.7s (next.js: 34ms, application-code: 3.7s)
 GET /phones/ 200 in 3.3s (next.js: 14ms, application-code: 3.3s)
 GET /how-it-works/ 200 in 3.5s (next.js: 42ms, application-code: 3.4s)
 GET /contact/ 200 in 674ms (next.js: 50ms, application-code: 624ms)
 GET /how-it-works/ 200 in 2.9s (next.js: 285ms, application-code: 2.6s)
 GET /how-it-works/ 200 in 2.8s (next.js: 758ms, application-code: 1995ms)
 GET /how-it-works/ 200 in 1963ms (next.js: 54ms, application-code: 1909ms)
 GET /how-it-works/ 200 in 3.0s (next.js: 39ms, application-code: 3.0s)
 GET /contact/ 200 in 3.5s (next.js: 70ms, application-code: 3.4s)
 GET /contact/ 200 in 3.5s (next.js: 348ms, application-code: 3.2s)
 GET /contact/ 200 in 2.5s (next.js: 101ms, application-code: 2.4s)
 GET /contact/ 200 in 3.9s (next.js: 51ms, application-code: 3.9s)
 GET /contact/ 200 in 3.5s (next.js: 710ms, application-code: 2.8s)
 GET /contact/ 200 in 4.5s (next.js: 41ms, application-code: 4.5s)
 GET /partners/ 200 in 2.2s (next.js: 37ms, application-code: 2.1s)
 GET /partners/ 200 in 3.0s (next.js: 53ms, application-code: 2.9s)
 GET /partners/ 200 in 3.0s (next.js: 398ms, application-code: 2.6s)
 GET /partners/ 200 in 3.2s (next.js: 70ms, application-code: 3.2s)
 GET /partners/ 200 in 2.9s (next.js: 63ms, application-code: 2.8s)
 GET /partners/ 200 in 3.0s (next.js: 32ms, application-code: 3.0s)
 GET /partners/ 200 in 2.6s (next.js: 18ms, application-code: 2.6s)
 GET /partners/ 200 in 2.3s (next.js: 17ms, application-code: 2.3s)
 GET /partners/ 200 in 2.3s (next.js: 412ms, application-code: 1933ms)
 GET /partners/ 200 in 1511ms (next.js: 43ms, application-code: 1468ms)
 GET /partners/ 200 in 1179ms (next.js: 24ms, application-code: 1156ms)
 GET /partners/ 200 in 857ms (next.js: 27ms, application-code: 830ms)
 GET /partners/ 200 in 571ms (next.js: 23ms, application-code: 549ms)
 GET /partners/ 200 in 357ms (next.js: 35ms, application-code: 322ms)
 GET /contact/ 200 in 1254ms (next.js: 36ms, application-code: 1218ms)
 GET /contact/ 200 in 1196ms (next.js: 28ms, application-code: 1168ms)
 GET /contact/ 200 in 696ms (next.js: 11ms, application-code: 685ms)
 GET /phones/ 200 in 1422ms (next.js: 18ms, application-code: 1404ms)
 GET / 200 in 1579ms (next.js: 605ms, application-code: 974ms)
[browser] Detected `scroll-behavior: smooth` on the `<html>` element. To disable smooth scrolling during route transitions, add `data-scroll-behavior="smooth"` to your <html> element. Learn more: https://nextjs.org/docs/messages/missing-data-scroll-behavior (file://C:/Users/User/Desktop/My Projects/getphone-website/.next/dev/static/chunks/node_modules_next_dist_115brz8._.js:2431:13)
 GET / 200 in 2.7s (next.js: 62ms, application-code: 2.6s)
 GET /partners/ 200 in 257ms (next.js: 13ms, application-code: 244ms)
[browser] Detected `scroll-behavior: smooth` on the `<html>` element. To disable smooth scrolling during route transitions, add `data-scroll-behavior="smooth"` to your <html> element. Learn more: https://nextjs.org/docs/messages/missing-data-scroll-behavior (file://C:/Users/User/Desktop/My Projects/getphone-website/.next/dev/static/chunks/node_modules_next_dist_115brz8._.js:2431:13)
 GET /partners/ 200 in 227ms (next.js: 10ms, application-code: 217ms)
 GET /about/ 200 in 930ms (next.js: 567ms, application-code: 363ms)
✓ Compiled in 590ms
